<?xml version="1.0" encoding="UTF-8"?>
<testng-results skipped="0" failed="1" ignored="0" total="2" passed="1">
  <reporter-output>
  </reporter-output>
  <suite name="Default suite" duration-ms="98569" started-at="2019-07-17T11:24:40Z" finished-at="2019-07-17T11:26:19Z">
    <groups>
    </groups>
    <test name="Default test" duration-ms="98569" started-at="2019-07-17T11:24:40Z" finished-at="2019-07-17T11:26:19Z">
      <class name="com.training.sanity.tests.RETC_073">
        <test-method status="PASS" signature="setUpBeforeClass()[pri:0, instance:com.training.sanity.tests.RETC_073@5c3bd550]" name="setUpBeforeClass" is-config="true" duration-ms="13" started-at="2019-07-17T11:24:40Z" finished-at="2019-07-17T11:24:40Z">
          <reporter-output>
          </reporter-output>
        </test-method> <!-- setUpBeforeClass -->
        <test-method status="PASS" signature="setUp()[pri:0, instance:com.training.sanity.tests.RETC_073@5c3bd550]" name="setUp" is-config="true" duration-ms="27050" started-at="2019-07-17T11:24:40Z" finished-at="2019-07-17T11:25:07Z">
          <reporter-output>
          </reporter-output>
        </test-method> <!-- setUp -->
        <test-method status="PASS" signature="RETC_073(java.lang.String, java.lang.String, java.lang.String, java.lang.String)[pri:0, instance:com.training.sanity.tests.RETC_073@5c3bd550]" name="RETC_073" duration-ms="22290" started-at="2019-07-17T11:25:07Z" data-provider="dbcontact-inputs" finished-at="2019-07-17T11:25:30Z">
          <params>
            <param index="0">
              <value>
                <![CDATA[samama]]>
              </value>
            </param>
            <param index="1">
              <value>
                <![CDATA[s@gmail.com]]>
              </value>
            </param>
            <param index="2">
              <value>
                <![CDATA[welcome sub]]>
              </value>
            </param>
            <param index="3">
              <value>
                <![CDATA[typing message here]]>
              </value>
            </param>
          </params>
          <reporter-output>
          </reporter-output>
        </test-method> <!-- RETC_073 -->
        <test-method status="PASS" signature="setUp()[pri:0, instance:com.training.sanity.tests.RETC_073@5c3bd550]" name="setUp" is-config="true" duration-ms="27270" started-at="2019-07-17T11:25:30Z" finished-at="2019-07-17T11:25:57Z">
          <reporter-output>
          </reporter-output>
        </test-method> <!-- setUp -->
        <test-method status="FAIL" signature="RETC_073(java.lang.String, java.lang.String, java.lang.String, java.lang.String)[pri:0, instance:com.training.sanity.tests.RETC_073@5c3bd550]" name="RETC_073" duration-ms="21527" started-at="2019-07-17T11:25:57Z" data-provider="dbcontact-inputs" finished-at="2019-07-17T11:26:19Z">
          <params>
            <param index="0">
              <value>
                <![CDATA[naveena]]>
              </value>
            </param>
            <param index="1">
              <value>
                <![CDATA[testingnaveen@123]]>
              </value>
            </param>
            <param index="2">
              <value>
                <![CDATA[hello]]>
              </value>
            </param>
            <param index="3">
              <value>
                <![CDATA[hello msg]]>
              </value>
            </param>
          </params>
          <exception class="java.lang.AssertionError">
            <message>
              <![CDATA[matched expected [naveena] but found [samama]]]>
            </message>
            <full-stacktrace>
              <![CDATA[java.lang.AssertionError: matched expected [naveena] but found [samama]
at org.testng.Assert.fail(Assert.java:96)
at org.testng.Assert.failNotEquals(Assert.java:776)
at org.testng.Assert.assertEqualsImpl(Assert.java:137)
at org.testng.Assert.assertEquals(Assert.java:118)
at org.testng.Assert.assertEquals(Assert.java:453)
at com.training.sanity.tests.RETC_073.RETC_073(RETC_073.java:30)
at sun.reflect.NativeMethodAccessorImpl.invoke0(Native Method)
at sun.reflect.NativeMethodAccessorImpl.invoke(NativeMethodAccessorImpl.java:62)
at sun.reflect.DelegatingMethodAccessorImpl.invoke(DelegatingMethodAccessorImpl.java:43)
at java.lang.reflect.Method.invoke(Method.java:498)
at org.testng.internal.MethodInvocationHelper.invokeMethod(MethodInvocationHelper.java:124)
at org.testng.internal.Invoker.invokeMethod(Invoker.java:583)
at org.testng.internal.Invoker.invokeTestMethod(Invoker.java:719)
at org.testng.internal.Invoker.invokeTestMethods(Invoker.java:989)
at org.testng.internal.TestMethodWorker.invokeTestMethods(TestMethodWorker.java:125)
at org.testng.internal.TestMethodWorker.run(TestMethodWorker.java:109)
at org.testng.TestRunner.privateRun(TestRunner.java:648)
at org.testng.TestRunner.run(TestRunner.java:505)
at org.testng.SuiteRunner.runTest(SuiteRunner.java:455)
at org.testng.SuiteRunner.runSequentially(SuiteRunner.java:450)
at org.testng.SuiteRunner.privateRun(SuiteRunner.java:415)
at org.testng.SuiteRunner.run(SuiteRunner.java:364)
at org.testng.SuiteRunnerWorker.runSuite(SuiteRunnerWorker.java:52)
at org.testng.SuiteRunnerWorker.run(SuiteRunnerWorker.java:84)
at org.testng.TestNG.runSuitesSequentially(TestNG.java:1208)
at org.testng.TestNG.runSuitesLocally(TestNG.java:1137)
at org.testng.TestNG.runSuites(TestNG.java:1049)
at org.testng.TestNG.run(TestNG.java:1017)
at org.testng.remote.AbstractRemoteTestNG.run(AbstractRemoteTestNG.java:115)
at org.testng.remote.RemoteTestNG.initAndRun(RemoteTestNG.java:251)
at org.testng.remote.RemoteTestNG.main(RemoteTestNG.java:77)
]]>
            </full-stacktrace>
          </exception> <!-- java.lang.AssertionError -->
          <reporter-output>
          </reporter-output>
        </test-method> <!-- RETC_073 -->
      </class> <!-- com.training.sanity.tests.RETC_073 -->
    </test> <!-- Default test -->
  </suite> <!-- Default suite -->
</testng-results>
